[debug] [2025-04-25T17:57:56.264Z] ----------------------------------------------------------------------
[debug] [2025-04-25T17:57:56.266Z] Command:       D:\nodejs\node.exe C:\Users\Admin\AppData\Roaming\npm\node_modules\firebase-tools\lib\bin\firebase.js init functions
[debug] [2025-04-25T17:57:56.267Z] CLI Version:   14.2.0
[debug] [2025-04-25T17:57:56.267Z] Platform:      win32
[debug] [2025-04-25T17:57:56.267Z] Node Version:  v22.12.0
[debug] [2025-04-25T17:57:56.267Z] Time:          Fri Apr 25 2025 21:57:56 GMT+0400 (Armenia Standard Time)
[debug] [2025-04-25T17:57:56.268Z] ----------------------------------------------------------------------
[debug] 
[debug] [2025-04-25T17:57:56.283Z] >>> [apiv2][query] GET https://firebase-public.firebaseio.com/cli.json [none]
[debug] [2025-04-25T17:57:56.484Z] > command requires scopes: ["email","openid","https://www.googleapis.com/auth/cloudplatformprojects.readonly","https://www.googleapis.com/auth/firebase","https://www.googleapis.com/auth/cloud-platform"]
[debug] [2025-04-25T17:57:56.485Z] > authorizing via signed-in user (alengevorgyan2009@gmail.com)
[info] 
     ######## #### ########  ######## ########     ###     ######  ########
     ##        ##  ##     ## ##       ##     ##  ##   ##  ##       ##
     ######    ##  ########  ######   ########  #########  ######  ######
     ##        ##  ##    ##  ##       ##     ## ##     ##       ## ##
     ##       #### ##     ## ######## ########  ##     ##  ######  ########

You're about to initialize a Firebase project in this directory:

  D:\Android Studio projects\Happy_Tails_3

Before we get started, keep in mind:

  * You are initializing within an existing Firebase project directory

[debug] [2025-04-25T17:57:56.918Z] <<< [apiv2][status] GET https://firebase-public.firebaseio.com/cli.json 200
[debug] [2025-04-25T17:57:56.918Z] <<< [apiv2][body] GET https://firebase-public.firebaseio.com/cli.json {"cloudBuildErrorAfter":1594252800000,"cloudBuildWarnAfter":1590019200000,"defaultNode10After":1594252800000,"minVersion":"3.0.5","node8DeploysDisabledAfter":1613390400000,"node8RuntimeDisabledAfter":1615809600000,"node8WarnAfter":1600128000000}
[info] 
=== Project Setup
[info] 
[info] First, let's associate this project directory with a Firebase project.
[info] You can create multiple project aliases by running firebase use --add, 
[info] but for now we'll just set up a default project.
[info] 
[debug] [2025-04-25T17:58:09.710Z] Using project from CLI flag: rational-photon-380817
[debug] [2025-04-25T17:58:09.710Z] Checked if tokens are valid: false, expires at: 1745406487635
[debug] [2025-04-25T17:58:09.710Z] Checked if tokens are valid: false, expires at: 1745406487635
[debug] [2025-04-25T17:58:09.711Z] > refreshing access token with scopes: []
[debug] [2025-04-25T17:58:09.712Z] >>> [apiv2][query] POST https://www.googleapis.com/oauth2/v3/token [none]
[debug] [2025-04-25T17:58:09.712Z] >>> [apiv2][body] POST https://www.googleapis.com/oauth2/v3/token [omitted]
[debug] [2025-04-25T17:58:09.992Z] <<< [apiv2][status] POST https://www.googleapis.com/oauth2/v3/token 200
[debug] [2025-04-25T17:58:09.992Z] <<< [apiv2][body] POST https://www.googleapis.com/oauth2/v3/token [omitted]
[debug] [2025-04-25T17:58:10.006Z] >>> [apiv2][query] GET https://firebase.googleapis.com/v1beta1/projects/rational-photon-380817 [none]
[debug] [2025-04-25T17:58:10.496Z] <<< [apiv2][status] GET https://firebase.googleapis.com/v1beta1/projects/rational-photon-380817 200
[debug] [2025-04-25T17:58:10.496Z] <<< [apiv2][body] GET https://firebase.googleapis.com/v1beta1/projects/rational-photon-380817 {"projectId":"rational-photon-380817","projectNumber":"780448923464","displayName":"Happy-Tails-Backend","name":"projects/rational-photon-380817","resources":{"hostingSite":"rational-photon-380817"},"state":"ACTIVE","etag":"1_ff644cb5-b9e8-4112-901b-c58d75b77bab"}
[info] i  Using project rational-photon-380817 (Happy-Tails-Backend) 
[info] 
=== Functions Setup
[debug] [2025-04-25T17:58:10.500Z] > command requires scopes: ["email","openid","https://www.googleapis.com/auth/cloudplatformprojects.readonly","https://www.googleapis.com/auth/firebase","https://www.googleapis.com/auth/cloud-platform"]
[debug] [2025-04-25T17:58:10.500Z] > authorizing via signed-in user (alengevorgyan2009@gmail.com)
[debug] [2025-04-25T17:58:10.500Z] [iam] checking project rational-photon-380817 for permissions ["firebase.projects.get"]
[debug] [2025-04-25T17:58:10.500Z] Checked if tokens are valid: true, expires at: 1745607488993
[debug] [2025-04-25T17:58:10.500Z] Checked if tokens are valid: true, expires at: 1745607488993
[debug] [2025-04-25T17:58:10.501Z] >>> [apiv2][query] POST https://cloudresourcemanager.googleapis.com/v1/projects/rational-photon-380817:testIamPermissions [none]
[debug] [2025-04-25T17:58:10.501Z] >>> [apiv2][(partial)header] POST https://cloudresourcemanager.googleapis.com/v1/projects/rational-photon-380817:testIamPermissions x-goog-quota-user=projects/rational-photon-380817
[debug] [2025-04-25T17:58:10.501Z] >>> [apiv2][body] POST https://cloudresourcemanager.googleapis.com/v1/projects/rational-photon-380817:testIamPermissions {"permissions":["firebase.projects.get"]}
[debug] [2025-04-25T17:58:10.920Z] <<< [apiv2][status] POST https://cloudresourcemanager.googleapis.com/v1/projects/rational-photon-380817:testIamPermissions 200
[debug] [2025-04-25T17:58:10.920Z] <<< [apiv2][body] POST https://cloudresourcemanager.googleapis.com/v1/projects/rational-photon-380817:testIamPermissions {"permissions":["firebase.projects.get"]}
[debug] [2025-04-25T17:58:10.921Z] Checked if tokens are valid: true, expires at: 1745607488993
[debug] [2025-04-25T17:58:10.921Z] Checked if tokens are valid: true, expires at: 1745607488993
[debug] [2025-04-25T17:58:10.921Z] Checked if tokens are valid: true, expires at: 1745607488993
[debug] [2025-04-25T17:58:10.921Z] Checked if tokens are valid: true, expires at: 1745607488993
[debug] [2025-04-25T17:58:10.921Z] >>> [apiv2][query] GET https://serviceusage.googleapis.com/v1/projects/rational-photon-380817/services/cloudfunctions.googleapis.com [none]
[debug] [2025-04-25T17:58:10.921Z] >>> [apiv2][(partial)header] GET https://serviceusage.googleapis.com/v1/projects/rational-photon-380817/services/cloudfunctions.googleapis.com x-goog-quota-user=projects/rational-photon-380817
[debug] [2025-04-25T17:58:10.922Z] >>> [apiv2][query] GET https://serviceusage.googleapis.com/v1/projects/rational-photon-380817/services/runtimeconfig.googleapis.com [none]
[debug] [2025-04-25T17:58:10.922Z] >>> [apiv2][(partial)header] GET https://serviceusage.googleapis.com/v1/projects/rational-photon-380817/services/runtimeconfig.googleapis.com x-goog-quota-user=projects/rational-photon-380817
[debug] [2025-04-25T17:58:12.160Z] <<< [apiv2][status] GET https://serviceusage.googleapis.com/v1/projects/rational-photon-380817/services/runtimeconfig.googleapis.com 200
[debug] [2025-04-25T17:58:12.160Z] <<< [apiv2][body] GET https://serviceusage.googleapis.com/v1/projects/rational-photon-380817/services/runtimeconfig.googleapis.com [omitted]
[debug] [2025-04-25T17:58:12.199Z] <<< [apiv2][status] GET https://serviceusage.googleapis.com/v1/projects/rational-photon-380817/services/cloudfunctions.googleapis.com 200
[debug] [2025-04-25T17:58:12.199Z] <<< [apiv2][body] GET https://serviceusage.googleapis.com/v1/projects/rational-photon-380817/services/cloudfunctions.googleapis.com [omitted]
[info] 
Detected existing codebase(s): default

[info] Let's create a new codebase for your functions.
[info] A directory corresponding to the codebase will be created in your project
[info] with sample code pre-configured.

[info] See https://firebase.google.com/docs/functions/organize-functions for
[info] more information on organizing your functions using codebases.

[info] Functions can be deployed with firebase deploy.

